[0m[[0m[0mdebug[0m] [0m[0m> Exec(;Test/compile; collectAnalyses, None, Some(CommandSource(network-1)))[0m
[0m[[0m[0mdebug[0m] [0m[0munmatched Processing event for requestId None: None[0m
[0m[[0m[0mdebug[0m] [0m[0munmatched Done event for requestId None: None[0m
[0m[[0m[0mdebug[0m] [0m[0m> Exec(Test/compile, None, Some(CommandSource(network-1)))[0m
[0m[[0m[0mdebug[0m] [0m[0munmatched Processing event for requestId None: None[0m
[0m[[0m[0mdebug[0m] [0m[0mEvaluating tasks: Test / compile[0m
[0m[[0m[0mdebug[0m] [0m[0mRunning task... Cancel: Signal, check cycles: false, forcegc: true[0m
[0m[[0m[0mdebug[0m] [0m[0mjsonRpcNotify: JsonRpcNotificationMessage(2.0, build/taskStart, {"taskId":{"id":"36","parents":[]},"eventTime":1634218447039,"message":"Compiling root","dataKind":"compile-task","data":{"target":{"uri":"file:/C:/Users/Asus/Desktop/vole/deneme/deneme/#root/Compile"}}})[0m
[0m[[0m[0minfo[0m] [0m[0mcompiling 1 Scala source to C:\Users\Asus\Desktop\vole\deneme\deneme\target\scala-2.13\classes ...[0m
[0m[[0m[0mdebug[0m] [0m[0mjsonRpcNotify: JsonRpcNotificationMessage(2.0, build/logMessage, {"type":3,"message":"compiling 1 Scala source to C:\\Users\\Asus\\Desktop\\vole\\deneme\\deneme\\target\\scala-2.13\\classes ..."})[0m
[0m[[0m[0mdebug[0m] [0m[0mExporting web-assets:deneme[0m
[0m[[0m[0mdebug[0m] [0m[0mjsonRpcNotify: JsonRpcNotificationMessage(2.0, build/publishDiagnostics, {"textDocument":{"uri":"file:///C:/Users/Asus/Desktop/vole/deneme/deneme/app/controllers/MessagesController.scala"},"buildTarget":{"uri":"file:/C:/Users/Asus/Desktop/vole/deneme/deneme/#root/Compile"},"diagnostics":[{"range":{"start":{"line":22,"character":29},"end":{"line":22,"character":30}},"severity":1,"source":"sbt","message":"value get is not a member of play.api.mvc.Request[play.api.libs.json.JsValue]"}],"reset":false})[0m
[0m[[0m[31merror[0m] [0m[0mC:\Users\Asus\Desktop\vole\deneme\deneme\app\controllers\MessagesController.scala:23:30: value get is not a member of play.api.mvc.Request[play.api.libs.json.JsValue][0m
[0m[[0m[31merror[0m] [0m[0m      val h:String = request.get("User-Agent").getOrElse("")[0m
[0m[[0m[31merror[0m] [0m[0m                             ^[0m
[0m[[0m[0mdebug[0m] [0m[0mjsonRpcNotify: JsonRpcNotificationMessage(2.0, build/logMessage, {"type":1,"message":"C:\\Users\\Asus\\Desktop\\vole\\deneme\\deneme\\app\\controllers\\MessagesController.scala:23:30: value get is not a member of play.api.mvc.Request[play.api.libs.json.JsValue]"})[0m
[0m[[0m[0mdebug[0m] [0m[0mjsonRpcNotify: JsonRpcNotificationMessage(2.0, build/logMessage, {"type":1,"message":"      val h:String = request.get(\"User-Agent\").getOrElse(\"\")"})[0m
[0m[[0m[0mdebug[0m] [0m[0mjsonRpcNotify: JsonRpcNotificationMessage(2.0, build/logMessage, {"type":1,"message":"                             ^"})[0m
[0m[[0m[31merror[0m] [0m[0mone error found[0m
[0m[[0m[0mdebug[0m] [0m[0mjsonRpcNotify: JsonRpcNotificationMessage(2.0, build/logMessage, {"type":1,"message":"one error found"})[0m
[0m[[0m[0mdebug[0m] [0m[0mjsonRpcNotify: JsonRpcNotificationMessage(2.0, build/publishDiagnostics, {"textDocument":{"uri":"file:///C:/Users/Asus/Desktop/vole/deneme/deneme/app/controllers/MessagesController.scala"},"buildTarget":{"uri":"file:/C:/Users/Asus/Desktop/vole/deneme/deneme/#root/Compile"},"diagnostics":[{"range":{"start":{"line":22,"character":29},"end":{"line":22,"character":30}},"severity":1,"source":"sbt","message":"value get is not a member of play.api.mvc.Request[play.api.libs.json.JsValue]"}],"reset":true})[0m
[0m[[0m[0mdebug[0m] [0m[0mjsonRpcNotify: JsonRpcNotificationMessage(2.0, build/publishDiagnostics, {"textDocument":{"uri":"file:///C:/Users/Asus/Desktop/vole/deneme/deneme/app/models/Messages.scala"},"buildTarget":{"uri":"file:/C:/Users/Asus/Desktop/vole/deneme/deneme/#root/Compile"},"diagnostics":[],"reset":true})[0m
[0m[[0m[0mdebug[0m] [0m[0mjsonRpcNotify: JsonRpcNotificationMessage(2.0, build/publishDiagnostics, {"textDocument":{"uri":"file:///C:/Users/Asus/Desktop/vole/deneme/deneme/app/repositories/MessagesRepository.scala"},"buildTarget":{"uri":"file:/C:/Users/Asus/Desktop/vole/deneme/deneme/#root/Compile"},"diagnostics":[],"reset":true})[0m
[0m[[0m[0mdebug[0m] [0m[0mjsonRpcNotify: JsonRpcNotificationMessage(2.0, build/publishDiagnostics, {"textDocument":{"uri":"file:///C:/Users/Asus/Desktop/vole/deneme/deneme/target/scala-2.13/routes/main/controllers/javascript/JavaScriptReverseRoutes.scala"},"buildTarget":{"uri":"file:/C:/Users/Asus/Desktop/vole/deneme/deneme/#root/Compile"},"diagnostics":[],"reset":true})[0m
[0m[[0m[0mdebug[0m] [0m[0mjsonRpcNotify: JsonRpcNotificationMessage(2.0, build/publishDiagnostics, {"textDocument":{"uri":"file:///C:/Users/Asus/Desktop/vole/deneme/deneme/target/scala-2.13/routes/main/controllers/routes.java"},"buildTarget":{"uri":"file:/C:/Users/Asus/Desktop/vole/deneme/deneme/#root/Compile"},"diagnostics":[],"reset":true})[0m
[0m[[0m[0mdebug[0m] [0m[0mjsonRpcNotify: JsonRpcNotificationMessage(2.0, build/publishDiagnostics, {"textDocument":{"uri":"file:///C:/Users/Asus/Desktop/vole/deneme/deneme/target/scala-2.13/routes/main/router/Routes.scala"},"buildTarget":{"uri":"file:/C:/Users/Asus/Desktop/vole/deneme/deneme/#root/Compile"},"diagnostics":[],"reset":true})[0m
[0m[[0m[0mdebug[0m] [0m[0mjsonRpcNotify: JsonRpcNotificationMessage(2.0, build/publishDiagnostics, {"textDocument":{"uri":"file:///C:/Users/Asus/Desktop/vole/deneme/deneme/target/scala-2.13/routes/main/controllers/ReverseRoutes.scala"},"buildTarget":{"uri":"file:/C:/Users/Asus/Desktop/vole/deneme/deneme/#root/Compile"},"diagnostics":[],"reset":true})[0m
[0m[[0m[0mdebug[0m] [0m[0mjsonRpcNotify: JsonRpcNotificationMessage(2.0, build/publishDiagnostics, {"textDocument":{"uri":"file:///C:/Users/Asus/Desktop/vole/deneme/deneme/target/scala-2.13/routes/main/router/RoutesPrefix.scala"},"buildTarget":{"uri":"file:/C:/Users/Asus/Desktop/vole/deneme/deneme/#root/Compile"},"diagnostics":[],"reset":true})[0m
[0m[[0m[0mdebug[0m] [0m[0mjsonRpcNotify: JsonRpcNotificationMessage(2.0, build/taskFinish, {"taskId":{"id":"36","parents":[]},"eventTime":1634218447319,"message":"Compiled root","status":2,"dataKind":"compile-report","data":{"target":{"uri":"file:/C:/Users/Asus/Desktop/vole/deneme/deneme/#root/Compile"},"errors":1,"warnings":0,"time":280}})[0m
[0m[[0m[31merror[0m] [0m[0m(Compile / [31mcompileIncremental[0m) Compilation failed[0m
[0m[[0m[0mdebug[0m] [0m[0mjsonRpcNotify: JsonRpcNotificationMessage(2.0, build/logMessage, {"type":1,"message":"(Compile / \u001b[31mcompileIncremental\u001b[0m) Compilation failed"})[0m
[0m[[0m[31merror[0m] [0m[0mTotal time: 1 s, completed 14.Eki.2021 16:34:07[0m
[0m[[0m[0mdebug[0m] [0m[0munmatched Done event for requestId None: None[0m
[0m[[0m[0mdebug[0m] [0m[0m> Exec(shell, None, None)[0m
[0m[[0m[0mdebug[0m] [0m[0mUnhandled notification received: textDocument/didOpen: JsonRpcNotificationMessage(2.0, textDocument/didOpen, {"textDocument":{"uri":"file:///c%3A/Users/Asus/Desktop/vole/deneme/deneme/build.sbt","languageId":"scala","version":1,"text":"name := \"\"\"deneme\"\"\"\r\norganization := \"com.example\"\r\n\r\nversion := \"1.0-SNAPSHOT\"\r\n\r\nlazy val root = (project in file(\".\")).enablePlugins(PlayScala)\r\n\r\nscalaVersion := \"2.13.6\"\r\n\r\nlibraryDependencies += guice\r\nlibraryDependencies += \"org.scalatestplus.play\" %% \"scalatestplus-play\" % \"5.0.0\" % Test\r\n\r\nscalaVersion := \"2.13.3\"\r\n\r\nlibraryDependencies ++= Seq(\r\n    // Enable reactive mongo for Play 2.8\r\n    \"org.reactivemongo\" %% \"play2-reactivemongo\" % \"0.20.13-play28\",\r\n    // Provide JSON serialization for reactive mongo  \r\n    \"org.reactivemongo\" %% \"reactivemongo-play-json-compat\" % \"1.0.1-play28\",\r\n    // Provide BSON serialization for reactive mongo  \r\n    \"org.reactivemongo\" %% \"reactivemongo-bson-compat\" % \"0.20.13\",\r\n    // Provide JSON serialization for Joda-Time\r\n    \"com.typesafe.play\" %% \"play-json-joda\" % \"2.7.4\",\r\n)"}})[0m
[0m[[0m[0mdebug[0m] [0m[0mUnhandled notification received: textDocument/didClose: JsonRpcNotificationMessage(2.0, textDocument/didClose, {"textDocument":{"uri":"file:///c%3A/Users/Asus/Desktop/vole/deneme/deneme/build.sbt"}})[0m
[0m[[0m[0mdebug[0m] [0m[0mForcing garbage collection...[0m
[0m[[0m[0mdebug[0m] [0m[0mUnhandled notification received: textDocument/didOpen: JsonRpcNotificationMessage(2.0, textDocument/didOpen, {"textDocument":{"uri":"file:///c%3A/Users/Asus/Desktop/vole/deneme/deneme/build.sbt","languageId":"scala","version":1,"text":"name := \"\"\"deneme\"\"\"\r\norganization := \"com.example\"\r\n\r\nversion := \"1.0-SNAPSHOT\"\r\n\r\nlazy val root = (project in file(\".\")).enablePlugins(PlayScala)\r\n\r\nscalaVersion := \"2.13.6\"\r\n\r\nlibraryDependencies += guice\r\nlibraryDependencies += \"org.scalatestplus.play\" %% \"scalatestplus-play\" % \"5.0.0\" % Test\r\n\r\nscalaVersion := \"2.13.3\"\r\n\r\nlibraryDependencies ++= Seq(\r\n    // Enable reactive mongo for Play 2.8\r\n    \"org.reactivemongo\" %% \"play2-reactivemongo\" % \"0.20.13-play28\",\r\n    // Provide JSON serialization for reactive mongo  \r\n    \"org.reactivemongo\" %% \"reactivemongo-play-json-compat\" % \"1.0.1-play28\",\r\n    // Provide BSON serialization for reactive mongo  \r\n    \"org.reactivemongo\" %% \"reactivemongo-bson-compat\" % \"0.20.13\",\r\n    // Provide JSON serialization for Joda-Time\r\n    \"com.typesafe.play\" %% \"play-json-joda\" % \"2.7.4\",\r\n)"}})[0m
[0m[[0m[0mdebug[0m] [0m[0mUnhandled notification received: $/setTraceNotification: JsonRpcNotificationMessage(2.0, $/setTraceNotification, {"value":"off"})[0m
