[0m[[0m[0mdebug[0m] [0m[0m> Exec(;Test/compile; collectAnalyses, None, Some(CommandSource(network-1)))[0m
[0m[[0m[0mdebug[0m] [0m[0munmatched Processing event for requestId None: None[0m
[0m[[0m[0mdebug[0m] [0m[0munmatched Done event for requestId None: None[0m
[0m[[0m[0mdebug[0m] [0m[0m> Exec(Test/compile, None, Some(CommandSource(network-1)))[0m
[0m[[0m[0mdebug[0m] [0m[0munmatched Processing event for requestId None: None[0m
[0m[[0m[0mdebug[0m] [0m[0mEvaluating tasks: Test / compile[0m
[0m[[0m[0mdebug[0m] [0m[0mRunning task... Cancel: Signal, check cycles: false, forcegc: true[0m
[0m[[0m[0mdebug[0m] [0m[0mExporting web-assets:deneme[0m
[0m[[0m[0mdebug[0m] [0m[0mjsonRpcNotify: JsonRpcNotificationMessage(2.0, build/taskStart, {"taskId":{"id":"50","parents":[]},"eventTime":1634154226512,"message":"Compiling root","dataKind":"compile-task","data":{"target":{"uri":"file:/C:/Users/Asus/Desktop/vole/deneme/deneme/#root/Compile"}}})[0m
[0m[[0m[0minfo[0m] [0m[0mcompiling 4 Scala sources to C:\Users\Asus\Desktop\vole\deneme\deneme\target\scala-2.13\classes ...[0m
[0m[[0m[0mdebug[0m] [0m[0mjsonRpcNotify: JsonRpcNotificationMessage(2.0, build/logMessage, {"type":3,"message":"compiling 4 Scala sources to C:\\Users\\Asus\\Desktop\\vole\\deneme\\deneme\\target\\scala-2.13\\classes ..."})[0m
[0m[[0m[0mdebug[0m] [0m[0mjsonRpcNotify: JsonRpcNotificationMessage(2.0, build/publishDiagnostics, {"textDocument":{"uri":"file:///C:/Users/Asus/Desktop/vole/deneme/deneme/app/controllers/MessagesController.scala"},"buildTarget":{"uri":"file:/C:/Users/Asus/Desktop/vole/deneme/deneme/#root/Compile"},"diagnostics":[{"range":{"start":{"line":36,"character":51},"end":{"line":36,"character":52}},"severity":1,"source":"sbt","message":"value delete is not a member of repositories.MessagesRepository"}],"reset":false})[0m
[0m[[0m[31merror[0m] [0m[0mC:\Users\Asus\Desktop\vole\deneme\deneme\app\controllers\MessagesController.scala:37:52: value delete is not a member of repositories.MessagesRepository[0m
[0m[[0m[31merror[0m] [0m[0m      case Success(objectId) => messagesRepository.delete(objectId).map {[0m
[0m[[0m[31merror[0m] [0m[0m                                                   ^[0m
[0m[[0m[0mdebug[0m] [0m[0mjsonRpcNotify: JsonRpcNotificationMessage(2.0, build/logMessage, {"type":1,"message":"C:\\Users\\Asus\\Desktop\\vole\\deneme\\deneme\\app\\controllers\\MessagesController.scala:37:52: value delete is not a member of repositories.MessagesRepository"})[0m
[0m[[0m[0mdebug[0m] [0m[0mjsonRpcNotify: JsonRpcNotificationMessage(2.0, build/logMessage, {"type":1,"message":"      case Success(objectId) => messagesRepository.delete(objectId).map {"})[0m
[0m[[0m[0mdebug[0m] [0m[0mjsonRpcNotify: JsonRpcNotificationMessage(2.0, build/logMessage, {"type":1,"message":"                                                   ^"})[0m
[0m[[0m[31merror[0m] [0m[0mone error found[0m
[0m[[0m[0mdebug[0m] [0m[0mjsonRpcNotify: JsonRpcNotificationMessage(2.0, build/logMessage, {"type":1,"message":"one error found"})[0m
[0m[[0m[0mdebug[0m] [0m[0mjsonRpcNotify: JsonRpcNotificationMessage(2.0, build/publishDiagnostics, {"textDocument":{"uri":"file:///C:/Users/Asus/Desktop/vole/deneme/deneme/app/controllers/MessagesController.scala"},"buildTarget":{"uri":"file:/C:/Users/Asus/Desktop/vole/deneme/deneme/#root/Compile"},"diagnostics":[{"range":{"start":{"line":36,"character":51},"end":{"line":36,"character":52}},"severity":1,"source":"sbt","message":"value delete is not a member of repositories.MessagesRepository"}],"reset":true})[0m
[0m[[0m[0mdebug[0m] [0m[0mjsonRpcNotify: JsonRpcNotificationMessage(2.0, build/publishDiagnostics, {"textDocument":{"uri":"file:///C:/Users/Asus/Desktop/vole/deneme/deneme/app/models/Messages.scala"},"buildTarget":{"uri":"file:/C:/Users/Asus/Desktop/vole/deneme/deneme/#root/Compile"},"diagnostics":[],"reset":true})[0m
[0m[[0m[0mdebug[0m] [0m[0mjsonRpcNotify: JsonRpcNotificationMessage(2.0, build/publishDiagnostics, {"textDocument":{"uri":"file:///C:/Users/Asus/Desktop/vole/deneme/deneme/app/repositories/MessagesRepository.scala"},"buildTarget":{"uri":"file:/C:/Users/Asus/Desktop/vole/deneme/deneme/#root/Compile"},"diagnostics":[],"reset":true})[0m
[0m[[0m[0mdebug[0m] [0m[0mjsonRpcNotify: JsonRpcNotificationMessage(2.0, build/publishDiagnostics, {"textDocument":{"uri":"file:///C:/Users/Asus/Desktop/vole/deneme/deneme/target/scala-2.13/routes/main/controllers/javascript/JavaScriptReverseRoutes.scala"},"buildTarget":{"uri":"file:/C:/Users/Asus/Desktop/vole/deneme/deneme/#root/Compile"},"diagnostics":[],"reset":true})[0m
[0m[[0m[0mdebug[0m] [0m[0mjsonRpcNotify: JsonRpcNotificationMessage(2.0, build/publishDiagnostics, {"textDocument":{"uri":"file:///C:/Users/Asus/Desktop/vole/deneme/deneme/target/scala-2.13/routes/main/controllers/routes.java"},"buildTarget":{"uri":"file:/C:/Users/Asus/Desktop/vole/deneme/deneme/#root/Compile"},"diagnostics":[],"reset":true})[0m
[0m[[0m[0mdebug[0m] [0m[0mjsonRpcNotify: JsonRpcNotificationMessage(2.0, build/publishDiagnostics, {"textDocument":{"uri":"file:///C:/Users/Asus/Desktop/vole/deneme/deneme/target/scala-2.13/routes/main/router/Routes.scala"},"buildTarget":{"uri":"file:/C:/Users/Asus/Desktop/vole/deneme/deneme/#root/Compile"},"diagnostics":[],"reset":true})[0m
[0m[[0m[0mdebug[0m] [0m[0mjsonRpcNotify: JsonRpcNotificationMessage(2.0, build/publishDiagnostics, {"textDocument":{"uri":"file:///C:/Users/Asus/Desktop/vole/deneme/deneme/target/scala-2.13/routes/main/controllers/ReverseRoutes.scala"},"buildTarget":{"uri":"file:/C:/Users/Asus/Desktop/vole/deneme/deneme/#root/Compile"},"diagnostics":[],"reset":true})[0m
[0m[[0m[0mdebug[0m] [0m[0mjsonRpcNotify: JsonRpcNotificationMessage(2.0, build/publishDiagnostics, {"textDocument":{"uri":"file:///C:/Users/Asus/Desktop/vole/deneme/deneme/target/scala-2.13/routes/main/router/RoutesPrefix.scala"},"buildTarget":{"uri":"file:/C:/Users/Asus/Desktop/vole/deneme/deneme/#root/Compile"},"diagnostics":[],"reset":true})[0m
[0m[[0m[0mdebug[0m] [0m[0mjsonRpcNotify: JsonRpcNotificationMessage(2.0, build/taskFinish, {"taskId":{"id":"50","parents":[]},"eventTime":1634154226859,"message":"Compiled root","status":2,"dataKind":"compile-report","data":{"target":{"uri":"file:/C:/Users/Asus/Desktop/vole/deneme/deneme/#root/Compile"},"errors":1,"warnings":0,"time":347}})[0m
[0m[[0m[31merror[0m] [0m[0m(Compile / [31mcompileIncremental[0m) Compilation failed[0m
[0m[[0m[0mdebug[0m] [0m[0mjsonRpcNotify: JsonRpcNotificationMessage(2.0, build/logMessage, {"type":1,"message":"(Compile / \u001b[31mcompileIncremental\u001b[0m) Compilation failed"})[0m
[0m[[0m[31merror[0m] [0m[0mTotal time: 0 s, completed 13.Eki.2021 22:43:46[0m
[0m[[0m[0mdebug[0m] [0m[0munmatched Done event for requestId None: None[0m
[0m[[0m[0mdebug[0m] [0m[0m> Exec(shell, None, None)[0m
[0m[[0m[0mdebug[0m] [0m[0mlsp-definition json request: {"textDocument":{"uri":"file:///c%3A/Users/Asus/Desktop/vole/deneme/deneme/app/repositories/MessagesRepository.scala"},"position":{"line":22,"character":37}}[0m
[0m[[0m[0mdebug[0m] [0m[0mlsp-definition found line:   def create(messages: Messages): Future[WriteResult] = {[0m
[0m[[0m[0mdebug[0m] [0m[0msymbol Future[0m
[0m[[0m[0mdebug[0m] [0m[0mlsp-definition potentials: Set()[0m
[0m[[0m[0mdebug[0m] [0m[0mlsp-definition locations Vector()[0m
