[0m[[0m[0mdebug[0m] [0m[0m> Exec(;Test/compile; collectAnalyses, None, Some(CommandSource(network-1)))[0m
[0m[[0m[0mdebug[0m] [0m[0munmatched Processing event for requestId None: None[0m
[0m[[0m[0mdebug[0m] [0m[0munmatched Done event for requestId None: None[0m
[0m[[0m[0mdebug[0m] [0m[0m> Exec(Test/compile, None, Some(CommandSource(network-1)))[0m
[0m[[0m[0mdebug[0m] [0m[0munmatched Processing event for requestId None: None[0m
[0m[[0m[0mdebug[0m] [0m[0mEvaluating tasks: Test / compile[0m
[0m[[0m[0mdebug[0m] [0m[0mRunning task... Cancel: bloop.integrations.sbt.Offloader$$anon$1@47a363a8, check cycles: false, forcegc: true[0m
[0m[[0m[0mdebug[0m] [0m[0mjsonRpcNotify: JsonRpcNotificationMessage(2.0, build/taskStart, {"taskId":{"id":"205","parents":[]},"eventTime":1634557736242,"message":"Compiling root","dataKind":"compile-task","data":{"target":{"uri":"file:/C:/Users/Asus/Desktop/scalas/deneme/deneme/#root/Compile"}}})[0m
[0m[[0m[0mdebug[0m] [0m[0mExporting web-assets:deneme[0m
[0m[[0m[0minfo[0m] [0m[0mcompiling 2 Scala sources to C:\Users\Asus\Desktop\scalas\deneme\deneme\target\scala-2.13\classes ...[0m
[0m[[0m[0mdebug[0m] [0m[0mjsonRpcNotify: JsonRpcNotificationMessage(2.0, build/logMessage, {"type":3,"message":"compiling 2 Scala sources to C:\\Users\\Asus\\Desktop\\scalas\\deneme\\deneme\\target\\scala-2.13\\classes ..."})[0m
[0m[[0m[0mdebug[0m] [0m[0mjsonRpcNotify: JsonRpcNotificationMessage(2.0, build/publishDiagnostics, {"textDocument":{"uri":"file:///C:/Users/Asus/Desktop/scalas/deneme/deneme/app/repositories/MessagesRepository.scala"},"buildTarget":{"uri":"file:/C:/Users/Asus/Desktop/scalas/deneme/deneme/#root/Compile"},"diagnostics":[{"range":{"start":{"line":22,"character":12},"end":{"line":22,"character":13}},"severity":2,"source":"sbt","message":"method toDocumentWriter in trait LowPriorityPackage is deprecated (since 0.19.0): Use reactivemongo-bson-api or use reactivemongo-bson-compat: import reactivemongo.api.bson.compat._"}],"reset":false})[0m
[0m[[0m[33mwarn[0m] [0m[0mC:\Users\Asus\Desktop\scalas\deneme\deneme\app\repositories\MessagesRepository.scala:23:13: method toDocumentWriter in trait LowPriorityPackage is deprecated (since 0.19.0): Use reactivemongo-bson-api or use reactivemongo-bson-compat: import reactivemongo.api.bson.compat._[0m
[0m[[0m[33mwarn[0m] [0m[0m      _.find(BSONDocument("tags" -> tag), Option.empty[Todb])[0m
[0m[[0m[33mwarn[0m] [0m[0m            ^[0m
[0m[[0m[0mdebug[0m] [0m[0mjsonRpcNotify: JsonRpcNotificationMessage(2.0, build/logMessage, {"type":2,"message":"C:\\Users\\Asus\\Desktop\\scalas\\deneme\\deneme\\app\\repositories\\MessagesRepository.scala:23:13: method toDocumentWriter in trait LowPriorityPackage is deprecated (since 0.19.0): Use reactivemongo-bson-api or use reactivemongo-bson-compat: import reactivemongo.api.bson.compat._"})[0m
[0m[[0m[0mdebug[0m] [0m[0mjsonRpcNotify: JsonRpcNotificationMessage(2.0, build/logMessage, {"type":2,"message":"      _.find(BSONDocument(\"tags\" -> tag), Option.empty[Todb])"})[0m
[0m[[0m[0mdebug[0m] [0m[0mjsonRpcNotify: JsonRpcNotificationMessage(2.0, build/logMessage, {"type":2,"message":"            ^"})[0m
[0m[[0m[0mdebug[0m] [0m[0mjsonRpcNotify: JsonRpcNotificationMessage(2.0, build/publishDiagnostics, {"textDocument":{"uri":"file:///C:/Users/Asus/Desktop/scalas/deneme/deneme/app/repositories/MessagesRepository.scala"},"buildTarget":{"uri":"file:/C:/Users/Asus/Desktop/scalas/deneme/deneme/#root/Compile"},"diagnostics":[{"range":{"start":{"line":23,"character":21},"end":{"line":23,"character":22}},"severity":2,"source":"sbt","message":"method toDocumentReader in trait LowPriorityPackage is deprecated (since 0.19.0): Use reactivemongo-bson-api or use reactivemongo-bson-compat: import reactivemongo.api.bson.compat._"}],"reset":false})[0m
[0m[[0m[33mwarn[0m] [0m[0mC:\Users\Asus\Desktop\scalas\deneme\deneme\app\repositories\MessagesRepository.scala:24:22: method toDocumentReader in trait LowPriorityPackage is deprecated (since 0.19.0): Use reactivemongo-bson-api or use reactivemongo-bson-compat: import reactivemongo.api.bson.compat._[0m
[0m[[0m[33mwarn[0m] [0m[0m        .cursor[Todb](ReadPreference.Primary)[0m
[0m[[0m[33mwarn[0m] [0m[0m                     ^[0m
[0m[[0m[0mdebug[0m] [0m[0mjsonRpcNotify: JsonRpcNotificationMessage(2.0, build/logMessage, {"type":2,"message":"C:\\Users\\Asus\\Desktop\\scalas\\deneme\\deneme\\app\\repositories\\MessagesRepository.scala:24:22: method toDocumentReader in trait LowPriorityPackage is deprecated (since 0.19.0): Use reactivemongo-bson-api or use reactivemongo-bson-compat: import reactivemongo.api.bson.compat._"})[0m
[0m[[0m[0mdebug[0m] [0m[0mjsonRpcNotify: JsonRpcNotificationMessage(2.0, build/logMessage, {"type":2,"message":"        .cursor[Todb](ReadPreference.Primary)"})[0m
[0m[[0m[0mdebug[0m] [0m[0mjsonRpcNotify: JsonRpcNotificationMessage(2.0, build/logMessage, {"type":2,"message":"                     ^"})[0m
[0m[[0m[0mdebug[0m] [0m[0mjsonRpcNotify: JsonRpcNotificationMessage(2.0, build/publishDiagnostics, {"textDocument":{"uri":"file:///C:/Users/Asus/Desktop/scalas/deneme/deneme/app/repositories/MessagesRepository.scala"},"buildTarget":{"uri":"file:/C:/Users/Asus/Desktop/scalas/deneme/deneme/#root/Compile"},"diagnostics":[{"range":{"start":{"line":31,"character":10},"end":{"line":31,"character":11}},"severity":2,"source":"sbt","message":"method toDocumentWriter in trait LowPriorityPackage is deprecated (since 0.19.0): Use reactivemongo-bson-api or use reactivemongo-bson-compat: import reactivemongo.api.bson.compat._"}],"reset":false})[0m
[0m[[0m[33mwarn[0m] [0m[0mC:\Users\Asus\Desktop\scalas\deneme\deneme\app\repositories\MessagesRepository.scala:32:11: method toDocumentWriter in trait LowPriorityPackage is deprecated (since 0.19.0): Use reactivemongo-bson-api or use reactivemongo-bson-compat: import reactivemongo.api.bson.compat._[0m
[0m[[0m[33mwarn[0m] [0m[0m      .one(todb.copy()))[0m
[0m[[0m[33mwarn[0m] [0m[0m          ^[0m
[0m[[0m[0mdebug[0m] [0m[0mjsonRpcNotify: JsonRpcNotificationMessage(2.0, build/logMessage, {"type":2,"message":"C:\\Users\\Asus\\Desktop\\scalas\\deneme\\deneme\\app\\repositories\\MessagesRepository.scala:32:11: method toDocumentWriter in trait LowPriorityPackage is deprecated (since 0.19.0): Use reactivemongo-bson-api or use reactivemongo-bson-compat: import reactivemongo.api.bson.compat._"})[0m
[0m[[0m[0mdebug[0m] [0m[0mjsonRpcNotify: JsonRpcNotificationMessage(2.0, build/logMessage, {"type":2,"message":"      .one(todb.copy()))"})[0m
[0m[[0m[0mdebug[0m] [0m[0mjsonRpcNotify: JsonRpcNotificationMessage(2.0, build/logMessage, {"type":2,"message":"          ^"})[0m
[0m[[0m[0mdebug[0m] [0m[0mjsonRpcNotify: JsonRpcNotificationMessage(2.0, build/publishDiagnostics, {"textDocument":{"uri":"file:///C:/Users/Asus/Desktop/scalas/deneme/deneme/app/repositories/MessagesRepository.scala"},"buildTarget":{"uri":"file:/C:/Users/Asus/Desktop/scalas/deneme/deneme/#root/Compile"},"diagnostics":[{"range":{"start":{"line":35,"character":29},"end":{"line":35,"character":30}},"severity":2,"source":"sbt","message":"method toDocumentWriter in trait LowPriorityPackage is deprecated (since 0.19.0): Use reactivemongo-bson-api or use reactivemongo-bson-compat: import reactivemongo.api.bson.compat._"}],"reset":false})[0m
[0m[[0m[33mwarn[0m] [0m[0mC:\Users\Asus\Desktop\scalas\deneme\deneme\app\repositories\MessagesRepository.scala:36:30: method toDocumentWriter in trait LowPriorityPackage is deprecated (since 0.19.0): Use reactivemongo-bson-api or use reactivemongo-bson-compat: import reactivemongo.api.bson.compat._[0m
[0m[[0m[33mwarn[0m] [0m[0m    collection.flatMap(_.find(BSONDocument("_id" -> id), Option.empty[Todb]).one[Todb])[0m
[0m[[0m[33mwarn[0m] [0m[0m                             ^[0m
[0m[[0m[0mdebug[0m] [0m[0mjsonRpcNotify: JsonRpcNotificationMessage(2.0, build/logMessage, {"type":2,"message":"C:\\Users\\Asus\\Desktop\\scalas\\deneme\\deneme\\app\\repositories\\MessagesRepository.scala:36:30: method toDocumentWriter in trait LowPriorityPackage is deprecated (since 0.19.0): Use reactivemongo-bson-api or use reactivemongo-bson-compat: import reactivemongo.api.bson.compat._"})[0m
[0m[[0m[0mdebug[0m] [0m[0mjsonRpcNotify: JsonRpcNotificationMessage(2.0, build/logMessage, {"type":2,"message":"    collection.flatMap(_.find(BSONDocument(\"_id\" -> id), Option.empty[Todb]).one[Todb])"})[0m
[0m[[0m[0mdebug[0m] [0m[0mjsonRpcNotify: JsonRpcNotificationMessage(2.0, build/logMessage, {"type":2,"message":"                             ^"})[0m
[0m[[0m[0mdebug[0m] [0m[0mjsonRpcNotify: JsonRpcNotificationMessage(2.0, build/publishDiagnostics, {"textDocument":{"uri":"file:///C:/Users/Asus/Desktop/scalas/deneme/deneme/app/repositories/MessagesRepository.scala"},"buildTarget":{"uri":"file:/C:/Users/Asus/Desktop/scalas/deneme/deneme/#root/Compile"},"diagnostics":[{"range":{"start":{"line":35,"character":80},"end":{"line":35,"character":81}},"severity":2,"source":"sbt","message":"method toDocumentReader in trait LowPriorityPackage is deprecated (since 0.19.0): Use reactivemongo-bson-api or use reactivemongo-bson-compat: import reactivemongo.api.bson.compat._"}],"reset":false})[0m
[0m[[0m[33mwarn[0m] [0m[0mC:\Users\Asus\Desktop\scalas\deneme\deneme\app\repositories\MessagesRepository.scala:36:81: method toDocumentReader in trait LowPriorityPackage is deprecated (since 0.19.0): Use reactivemongo-bson-api or use reactivemongo-bson-compat: import reactivemongo.api.bson.compat._[0m
[0m[[0m[33mwarn[0m] [0m[0m    collection.flatMap(_.find(BSONDocument("_id" -> id), Option.empty[Todb]).one[Todb])[0m
[0m[[0m[33mwarn[0m] [0m[0m                                                                                ^[0m
[0m[[0m[0mdebug[0m] [0m[0mjsonRpcNotify: JsonRpcNotificationMessage(2.0, build/logMessage, {"type":2,"message":"C:\\Users\\Asus\\Desktop\\scalas\\deneme\\deneme\\app\\repositories\\MessagesRepository.scala:36:81: method toDocumentReader in trait LowPriorityPackage is deprecated (since 0.19.0): Use reactivemongo-bson-api or use reactivemongo-bson-compat: import reactivemongo.api.bson.compat._"})[0m
[0m[[0m[0mdebug[0m] [0m[0mjsonRpcNotify: JsonRpcNotificationMessage(2.0, build/logMessage, {"type":2,"message":"    collection.flatMap(_.find(BSONDocument(\"_id\" -> id), Option.empty[Todb]).one[Todb])"})[0m
[0m[[0m[0mdebug[0m] [0m[0mjsonRpcNotify: JsonRpcNotificationMessage(2.0, build/logMessage, {"type":2,"message":"                                                                                ^"})[0m
[0m[[0m[0mdebug[0m] [0m[0mjsonRpcNotify: JsonRpcNotificationMessage(2.0, build/publishDiagnostics, {"textDocument":{"uri":"file:///C:/Users/Asus/Desktop/scalas/deneme/deneme/app/repositories/MessagesRepository.scala"},"buildTarget":{"uri":"file:/C:/Users/Asus/Desktop/scalas/deneme/deneme/#root/Compile"},"diagnostics":[{"range":{"start":{"line":40,"character":20},"end":{"line":40,"character":21}},"severity":2,"source":"sbt","message":"method toDocumentWriter in trait LowPriorityPackage is deprecated (since 0.19.0): Use reactivemongo-bson-api or use reactivemongo-bson-compat: import reactivemongo.api.bson.compat._"}],"reset":false})[0m
[0m[[0m[33mwarn[0m] [0m[0mC:\Users\Asus\Desktop\scalas\deneme\deneme\app\repositories\MessagesRepository.scala:41:21: method toDocumentWriter in trait LowPriorityPackage is deprecated (since 0.19.0): Use reactivemongo-bson-api or use reactivemongo-bson-compat: import reactivemongo.api.bson.compat._[0m
[0m[[0m[33mwarn[0m] [0m[0m      _.delete().one(BSONDocument("_id" -> id), Some(1))[0m
[0m[[0m[33mwarn[0m] [0m[0m                    ^[0m
[0m[[0m[0mdebug[0m] [0m[0mjsonRpcNotify: JsonRpcNotificationMessage(2.0, build/logMessage, {"type":2,"message":"C:\\Users\\Asus\\Desktop\\scalas\\deneme\\deneme\\app\\repositories\\MessagesRepository.scala:41:21: method toDocumentWriter in trait LowPriorityPackage is deprecated (since 0.19.0): Use reactivemongo-bson-api or use reactivemongo-bson-compat: import reactivemongo.api.bson.compat._"})[0m
[0m[[0m[0mdebug[0m] [0m[0mjsonRpcNotify: JsonRpcNotificationMessage(2.0, build/logMessage, {"type":2,"message":"      _.delete().one(BSONDocument(\"_id\" -> id), Some(1))"})[0m
[0m[[0m[0mdebug[0m] [0m[0mjsonRpcNotify: JsonRpcNotificationMessage(2.0, build/logMessage, {"type":2,"message":"                    ^"})[0m
[0m[[0m[33mwarn[0m] [0m[0m6 warnings found[0m
[0m[[0m[0mdebug[0m] [0m[0mjsonRpcNotify: JsonRpcNotificationMessage(2.0, build/logMessage, {"type":2,"message":"6 warnings found"})[0m
[0m[[0m[0mdebug[0m] [0m[0mjsonRpcNotify: JsonRpcNotificationMessage(2.0, build/publishDiagnostics, {"textDocument":{"uri":"file:///C:/Users/Asus/Desktop/scalas/deneme/deneme/target/scala-2.13/routes/main/controllers/javascript/JavaScriptReverseRoutes.scala"},"buildTarget":{"uri":"file:/C:/Users/Asus/Desktop/scalas/deneme/deneme/#root/Compile"},"diagnostics":[],"reset":true})[0m
[0m[[0m[0mdebug[0m] [0m[0mjsonRpcNotify: JsonRpcNotificationMessage(2.0, build/publishDiagnostics, {"textDocument":{"uri":"file:///C:/Users/Asus/Desktop/scalas/deneme/deneme/target/scala-2.13/routes/main/controllers/routes.java"},"buildTarget":{"uri":"file:/C:/Users/Asus/Desktop/scalas/deneme/deneme/#root/Compile"},"diagnostics":[],"reset":true})[0m
[0m[[0m[0mdebug[0m] [0m[0mjsonRpcNotify: JsonRpcNotificationMessage(2.0, build/publishDiagnostics, {"textDocument":{"uri":"file:///C:/Users/Asus/Desktop/scalas/deneme/deneme/target/scala-2.13/routes/main/router/Routes.scala"},"buildTarget":{"uri":"file:/C:/Users/Asus/Desktop/scalas/deneme/deneme/#root/Compile"},"diagnostics":[],"reset":true})[0m
[0m[[0m[0mdebug[0m] [0m[0mjsonRpcNotify: JsonRpcNotificationMessage(2.0, build/publishDiagnostics, {"textDocument":{"uri":"file:///C:/Users/Asus/Desktop/scalas/deneme/deneme/target/scala-2.13/routes/main/controllers/ReverseRoutes.scala"},"buildTarget":{"uri":"file:/C:/Users/Asus/Desktop/scalas/deneme/deneme/#root/Compile"},"diagnostics":[],"reset":true})[0m
[0m[[0m[0mdebug[0m] [0m[0mjsonRpcNotify: JsonRpcNotificationMessage(2.0, build/publishDiagnostics, {"textDocument":{"uri":"file:///C:/Users/Asus/Desktop/scalas/deneme/deneme/app/models/Todb.scala"},"buildTarget":{"uri":"file:/C:/Users/Asus/Desktop/scalas/deneme/deneme/#root/Compile"},"diagnostics":[{"range":{"start":{"line":21,"character":47},"end":{"line":21,"character":48}},"severity":2,"source":"sbt","message":"package object json in package json is deprecated (since 0.19.2): Will be replaced `reactivemongo.play.json.compat._` from `reactivemongo-play-json-compat`"}],"reset":true})[0m
[0m[[0m[0mdebug[0m] [0m[0mjsonRpcNotify: JsonRpcNotificationMessage(2.0, build/publishDiagnostics, {"textDocument":{"uri":"file:///C:/Users/Asus/Desktop/scalas/deneme/deneme/app/controllers/MessagesController.scala"},"buildTarget":{"uri":"file:/C:/Users/Asus/Desktop/scalas/deneme/deneme/#root/Compile"},"diagnostics":[],"reset":true})[0m
[0m[[0m[0mdebug[0m] [0m[0mjsonRpcNotify: JsonRpcNotificationMessage(2.0, build/publishDiagnostics, {"textDocument":{"uri":"file:///C:/Users/Asus/Desktop/scalas/deneme/deneme/app/repositories/MessagesRepository.scala"},"buildTarget":{"uri":"file:/C:/Users/Asus/Desktop/scalas/deneme/deneme/#root/Compile"},"diagnostics":[{"range":{"start":{"line":22,"character":12},"end":{"line":22,"character":13}},"severity":2,"source":"sbt","message":"method toDocumentWriter in trait LowPriorityPackage is deprecated (since 0.19.0): Use reactivemongo-bson-api or use reactivemongo-bson-compat: import reactivemongo.api.bson.compat._"},{"range":{"start":{"line":23,"character":21},"end":{"line":23,"character":22}},"severity":2,"source":"sbt","message":"method toDocumentReader in trait LowPriorityPackage is deprecated (since 0.19.0): Use reactivemongo-bson-api or use reactivemongo-bson-compat: import reactivemongo.api.bson.compat._"},{"range":{"start":{"line":31,"character":10},"end":{"line":31,"character":11}},"severity":2,"source":"sbt","message":"method toDocumentWriter in trait LowPriorityPackage is deprecated (since 0.19.0): Use reactivemongo-bson-api or use reactivemongo-bson-compat: import reactivemongo.api.bson.compat._"},{"range":{"start":{"line":35,"character":29},"end":{"line":35,"character":30}},"severity":2,"source":"sbt","message":"method toDocumentWriter in trait LowPriorityPackage is deprecated (since 0.19.0): Use reactivemongo-bson-api or use reactivemongo-bson-compat: import reactivemongo.api.bson.compat._"},{"range":{"start":{"line":35,"character":80},"end":{"line":35,"character":81}},"severity":2,"source":"sbt","message":"method toDocumentReader in trait LowPriorityPackage is deprecated (since 0.19.0): Use reactivemongo-bson-api or use reactivemongo-bson-compat: import reactivemongo.api.bson.compat._"},{"range":{"start":{"line":40,"character":20},"end":{"line":40,"character":21}},"severity":2,"source":"sbt","message":"method toDocumentWriter in trait LowPriorityPackage is deprecated (since 0.19.0): Use reactivemongo-bson-api or use reactivemongo-bson-compat: import reactivemongo.api.bson.compat._"}],"reset":true})[0m
[0m[[0m[0mdebug[0m] [0m[0mjsonRpcNotify: JsonRpcNotificationMessage(2.0, build/publishDiagnostics, {"textDocument":{"uri":"file:///C:/Users/Asus/Desktop/scalas/deneme/deneme/target/scala-2.13/routes/main/router/RoutesPrefix.scala"},"buildTarget":{"uri":"file:/C:/Users/Asus/Desktop/scalas/deneme/deneme/#root/Compile"},"diagnostics":[],"reset":true})[0m
[0m[[0m[0mdebug[0m] [0m[0mjsonRpcNotify: JsonRpcNotificationMessage(2.0, build/taskFinish, {"taskId":{"id":"205","parents":[]},"eventTime":1634557736930,"message":"Compiled root","status":1,"dataKind":"compile-report","data":{"target":{"uri":"file:/C:/Users/Asus/Desktop/scalas/deneme/deneme/#root/Compile"},"errors":0,"warnings":7,"time":688}})[0m
[0m[[0m[0mdebug[0m] [0m[0mjsonRpcNotify: JsonRpcNotificationMessage(2.0, build/taskStart, {"taskId":{"id":"206","parents":[]},"eventTime":1634557736952,"message":"Compiling root-test","dataKind":"compile-task","data":{"target":{"uri":"file:/C:/Users/Asus/Desktop/scalas/deneme/deneme/#root/Test"}}})[0m
[0m[[0m[0minfo[0m] [0m[0mcompiling 1 Scala source to C:\Users\Asus\Desktop\scalas\deneme\deneme\target\scala-2.13\test-classes ...[0m
[0m[[0m[0mdebug[0m] [0m[0mjsonRpcNotify: JsonRpcNotificationMessage(2.0, build/logMessage, {"type":3,"message":"compiling 1 Scala source to C:\\Users\\Asus\\Desktop\\scalas\\deneme\\deneme\\target\\scala-2.13\\test-classes ..."})[0m
[0m[[0m[0mdebug[0m] [0m[0mjsonRpcNotify: JsonRpcNotificationMessage(2.0, build/publishDiagnostics, {"textDocument":{"uri":"file:///C:/Users/Asus/Desktop/scalas/deneme/deneme/test/controllers/HomeControllerSpec.scala"},"buildTarget":{"uri":"file:/C:/Users/Asus/Desktop/scalas/deneme/deneme/#root/Test"},"diagnostics":[{"range":{"start":{"line":18,"character":27},"end":{"line":18,"character":28}},"severity":1,"source":"sbt","message":"not found: type HomeController"}],"reset":false})[0m
[0m[[0m[31merror[0m] [0m[0mC:\Users\Asus\Desktop\scalas\deneme\deneme\test\controllers\HomeControllerSpec.scala:19:28: not found: type HomeController[0m
[0m[[0m[31merror[0m] [0m[0m      val controller = new HomeController(stubControllerComponents())[0m
[0m[[0m[31merror[0m] [0m[0m                           ^[0m
[0m[[0m[0mdebug[0m] [0m[0mjsonRpcNotify: JsonRpcNotificationMessage(2.0, build/logMessage, {"type":1,"message":"C:\\Users\\Asus\\Desktop\\scalas\\deneme\\deneme\\test\\controllers\\HomeControllerSpec.scala:19:28: not found: type HomeController"})[0m
[0m[[0m[0mdebug[0m] [0m[0mjsonRpcNotify: JsonRpcNotificationMessage(2.0, build/logMessage, {"type":1,"message":"      val controller = new HomeController(stubControllerComponents())"})[0m
[0m[[0m[0mdebug[0m] [0m[0mjsonRpcNotify: JsonRpcNotificationMessage(2.0, build/logMessage, {"type":1,"message":"                           ^"})[0m
[0m[[0m[0mdebug[0m] [0m[0mjsonRpcNotify: JsonRpcNotificationMessage(2.0, build/publishDiagnostics, {"textDocument":{"uri":"file:///C:/Users/Asus/Desktop/scalas/deneme/deneme/test/controllers/HomeControllerSpec.scala"},"buildTarget":{"uri":"file:/C:/Users/Asus/Desktop/scalas/deneme/deneme/#root/Test"},"diagnostics":[{"range":{"start":{"line":27,"character":30},"end":{"line":27,"character":31}},"severity":1,"source":"sbt","message":"not found: type HomeController"}],"reset":false})[0m
[0m[[0m[31merror[0m] [0m[0mC:\Users\Asus\Desktop\scalas\deneme\deneme\test\controllers\HomeControllerSpec.scala:28:31: not found: type HomeController[0m
[0m[[0m[31merror[0m] [0m[0m      val controller = inject[HomeController][0m
[0m[[0m[31merror[0m] [0m[0m                              ^[0m
[0m[[0m[0mdebug[0m] [0m[0mjsonRpcNotify: JsonRpcNotificationMessage(2.0, build/logMessage, {"type":1,"message":"C:\\Users\\Asus\\Desktop\\scalas\\deneme\\deneme\\test\\controllers\\HomeControllerSpec.scala:28:31: not found: type HomeController"})[0m
[0m[[0m[0mdebug[0m] [0m[0mjsonRpcNotify: JsonRpcNotificationMessage(2.0, build/logMessage, {"type":1,"message":"      val controller = inject[HomeController]"})[0m
[0m[[0m[0mdebug[0m] [0m[0mjsonRpcNotify: JsonRpcNotificationMessage(2.0, build/logMessage, {"type":1,"message":"                              ^"})[0m
[0m[[0m[31merror[0m] [0m[0mtwo errors found[0m
[0m[[0m[0mdebug[0m] [0m[0mjsonRpcNotify: JsonRpcNotificationMessage(2.0, build/logMessage, {"type":1,"message":"two errors found"})[0m
[0m[[0m[0mdebug[0m] [0m[0mjsonRpcNotify: JsonRpcNotificationMessage(2.0, build/publishDiagnostics, {"textDocument":{"uri":"file:///C:/Users/Asus/Desktop/scalas/deneme/deneme/test/controllers/HomeControllerSpec.scala"},"buildTarget":{"uri":"file:/C:/Users/Asus/Desktop/scalas/deneme/deneme/#root/Test"},"diagnostics":[{"range":{"start":{"line":18,"character":27},"end":{"line":18,"character":28}},"severity":1,"source":"sbt","message":"not found: type HomeController"},{"range":{"start":{"line":27,"character":30},"end":{"line":27,"character":31}},"severity":1,"source":"sbt","message":"not found: type HomeController"}],"reset":true})[0m
[0m[[0m[0mdebug[0m] [0m[0mjsonRpcNotify: JsonRpcNotificationMessage(2.0, build/taskFinish, {"taskId":{"id":"206","parents":[]},"eventTime":1634557737238,"message":"Compiled root-test","status":2,"dataKind":"compile-report","data":{"target":{"uri":"file:/C:/Users/Asus/Desktop/scalas/deneme/deneme/#root/Test"},"errors":2,"warnings":0,"time":286}})[0m
[0m[[0m[0mdebug[0m] [0m[0mExporting web-assets-test:deneme[0m
[0m[[0m[31merror[0m] [0m[0m(Test / [31mcompileIncremental[0m) Compilation failed[0m
[0m[[0m[0mdebug[0m] [0m[0mjsonRpcNotify: JsonRpcNotificationMessage(2.0, build/logMessage, {"type":1,"message":"(Test / \u001b[31mcompileIncremental\u001b[0m) Compilation failed"})[0m
[0m[[0m[31merror[0m] [0m[0mTotal time: 1 s, completed 18.Eki.2021 14:48:57[0m
[0m[[0m[0mdebug[0m] [0m[0munmatched Done event for requestId None: None[0m
[0m[[0m[0mdebug[0m] [0m[0m> Exec(shell, None, None)[0m
[0m[[0m[0mdebug[0m] [0m[0mForcing garbage collection...[0m
