[0m[[0m[0mdebug[0m] [0m[0m> Exec(;Test/compile; collectAnalyses, None, Some(CommandSource(network-1)))[0m
[0m[[0m[0mdebug[0m] [0m[0munmatched Processing event for requestId None: None[0m
[0m[[0m[0mdebug[0m] [0m[0munmatched Done event for requestId None: None[0m
[0m[[0m[0mdebug[0m] [0m[0m> Exec(Test/compile, None, Some(CommandSource(network-1)))[0m
[0m[[0m[0mdebug[0m] [0m[0munmatched Processing event for requestId None: None[0m
[0m[[0m[0mdebug[0m] [0m[0mEvaluating tasks: Test / compile[0m
[0m[[0m[0mdebug[0m] [0m[0mRunning task... Cancel: Signal, check cycles: false, forcegc: true[0m
[0m[[0m[0mdebug[0m] [0m[0mjsonRpcNotify: JsonRpcNotificationMessage(2.0, build/taskStart, {"taskId":{"id":"97","parents":[]},"eventTime":1634258199108,"message":"Compiling root","dataKind":"compile-task","data":{"target":{"uri":"file:/C:/Users/Asus/Desktop/scalas/deneme/deneme/#root/Compile"}}})[0m
[0m[[0m[0minfo[0m] [0m[0mcompiling 1 Scala source to C:\Users\Asus\Desktop\scalas\deneme\deneme\target\scala-2.13\classes ...[0m
[0m[[0m[0mdebug[0m] [0m[0mjsonRpcNotify: JsonRpcNotificationMessage(2.0, build/logMessage, {"type":3,"message":"compiling 1 Scala source to C:\\Users\\Asus\\Desktop\\scalas\\deneme\\deneme\\target\\scala-2.13\\classes ..."})[0m
[0m[[0m[0mdebug[0m] [0m[0mExporting web-assets:deneme[0m
[0m[[0m[0mdebug[0m] [0m[0mjsonRpcNotify: JsonRpcNotificationMessage(2.0, build/publishDiagnostics, {"textDocument":{"uri":"file:///C:/Users/Asus/Desktop/scalas/deneme/deneme/target/scala-2.13/routes/main/controllers/javascript/JavaScriptReverseRoutes.scala"},"buildTarget":{"uri":"file:/C:/Users/Asus/Desktop/scalas/deneme/deneme/#root/Compile"},"diagnostics":[],"reset":true})[0m
[0m[[0m[0mdebug[0m] [0m[0mjsonRpcNotify: JsonRpcNotificationMessage(2.0, build/publishDiagnostics, {"textDocument":{"uri":"file:///C:/Users/Asus/Desktop/scalas/deneme/deneme/app/models/Messages.scala"},"buildTarget":{"uri":"file:/C:/Users/Asus/Desktop/scalas/deneme/deneme/#root/Compile"},"diagnostics":[{"range":{"start":{"line":16,"character":51},"end":{"line":16,"character":52}},"severity":2,"source":"sbt","message":"package object json in package json is deprecated (since 0.19.2): Will be replaced `reactivemongo.play.json.compat._` from `reactivemongo-play-json-compat`"}],"reset":true})[0m
[0m[[0m[0mdebug[0m] [0m[0mjsonRpcNotify: JsonRpcNotificationMessage(2.0, build/publishDiagnostics, {"textDocument":{"uri":"file:///C:/Users/Asus/Desktop/scalas/deneme/deneme/target/scala-2.13/routes/main/controllers/routes.java"},"buildTarget":{"uri":"file:/C:/Users/Asus/Desktop/scalas/deneme/deneme/#root/Compile"},"diagnostics":[],"reset":true})[0m
[0m[[0m[0mdebug[0m] [0m[0mjsonRpcNotify: JsonRpcNotificationMessage(2.0, build/publishDiagnostics, {"textDocument":{"uri":"file:///C:/Users/Asus/Desktop/scalas/deneme/deneme/target/scala-2.13/routes/main/router/Routes.scala"},"buildTarget":{"uri":"file:/C:/Users/Asus/Desktop/scalas/deneme/deneme/#root/Compile"},"diagnostics":[],"reset":true})[0m
[0m[[0m[0mdebug[0m] [0m[0mjsonRpcNotify: JsonRpcNotificationMessage(2.0, build/publishDiagnostics, {"textDocument":{"uri":"file:///C:/Users/Asus/Desktop/scalas/deneme/deneme/target/scala-2.13/routes/main/controllers/ReverseRoutes.scala"},"buildTarget":{"uri":"file:/C:/Users/Asus/Desktop/scalas/deneme/deneme/#root/Compile"},"diagnostics":[],"reset":true})[0m
[0m[[0m[0mdebug[0m] [0m[0mjsonRpcNotify: JsonRpcNotificationMessage(2.0, build/publishDiagnostics, {"textDocument":{"uri":"file:///C:/Users/Asus/Desktop/scalas/deneme/deneme/app/controllers/MessagesController.scala"},"buildTarget":{"uri":"file:/C:/Users/Asus/Desktop/scalas/deneme/deneme/#root/Compile"},"diagnostics":[],"reset":true})[0m
[0m[[0m[0mdebug[0m] [0m[0mjsonRpcNotify: JsonRpcNotificationMessage(2.0, build/publishDiagnostics, {"textDocument":{"uri":"file:///C:/Users/Asus/Desktop/scalas/deneme/deneme/app/repositories/MessagesRepository.scala"},"buildTarget":{"uri":"file:/C:/Users/Asus/Desktop/scalas/deneme/deneme/#root/Compile"},"diagnostics":[{"range":{"start":{"line":25,"character":10},"end":{"line":25,"character":11}},"severity":2,"source":"sbt","message":"method toDocumentWriter in trait LowPriorityPackage is deprecated (since 0.19.0): Use reactivemongo-bson-api or use reactivemongo-bson-compat: import reactivemongo.api.bson.compat._"},{"range":{"start":{"line":29,"character":29},"end":{"line":29,"character":30}},"severity":2,"source":"sbt","message":"method toDocumentWriter in trait LowPriorityPackage is deprecated (since 0.19.0): Use reactivemongo-bson-api or use reactivemongo-bson-compat: import reactivemongo.api.bson.compat._"},{"range":{"start":{"line":29,"character":84},"end":{"line":29,"character":85}},"severity":2,"source":"sbt","message":"method toDocumentReader in trait LowPriorityPackage is deprecated (since 0.19.0): Use reactivemongo-bson-api or use reactivemongo-bson-compat: import reactivemongo.api.bson.compat._"},{"range":{"start":{"line":34,"character":20},"end":{"line":34,"character":21}},"severity":2,"source":"sbt","message":"method toDocumentWriter in trait LowPriorityPackage is deprecated (since 0.19.0): Use reactivemongo-bson-api or use reactivemongo-bson-compat: import reactivemongo.api.bson.compat._"}],"reset":true})[0m
[0m[[0m[0mdebug[0m] [0m[0mjsonRpcNotify: JsonRpcNotificationMessage(2.0, build/publishDiagnostics, {"textDocument":{"uri":"file:///C:/Users/Asus/Desktop/scalas/deneme/deneme/target/scala-2.13/routes/main/router/RoutesPrefix.scala"},"buildTarget":{"uri":"file:/C:/Users/Asus/Desktop/scalas/deneme/deneme/#root/Compile"},"diagnostics":[],"reset":true})[0m
[0m[[0m[0mdebug[0m] [0m[0mjsonRpcNotify: JsonRpcNotificationMessage(2.0, build/taskFinish, {"taskId":{"id":"97","parents":[]},"eventTime":1634258199495,"message":"Compiled root","status":1,"dataKind":"compile-report","data":{"target":{"uri":"file:/C:/Users/Asus/Desktop/scalas/deneme/deneme/#root/Compile"},"errors":0,"warnings":5,"time":387}})[0m
[0m[[0m[0mdebug[0m] [0m[0mjsonRpcNotify: JsonRpcNotificationMessage(2.0, build/taskStart, {"taskId":{"id":"98","parents":[]},"eventTime":1634258199536,"message":"Compiling root-test","dataKind":"compile-task","data":{"target":{"uri":"file:/C:/Users/Asus/Desktop/scalas/deneme/deneme/#root/Test"}}})[0m
[0m[[0m[0minfo[0m] [0m[0mcompiling 1 Scala source to C:\Users\Asus\Desktop\scalas\deneme\deneme\target\scala-2.13\test-classes ...[0m
[0m[[0m[0mdebug[0m] [0m[0mjsonRpcNotify: JsonRpcNotificationMessage(2.0, build/logMessage, {"type":3,"message":"compiling 1 Scala source to C:\\Users\\Asus\\Desktop\\scalas\\deneme\\deneme\\target\\scala-2.13\\test-classes ..."})[0m
[0m[[0m[0mdebug[0m] [0m[0mjsonRpcNotify: JsonRpcNotificationMessage(2.0, build/publishDiagnostics, {"textDocument":{"uri":"file:///C:/Users/Asus/Desktop/scalas/deneme/deneme/test/controllers/HomeControllerSpec.scala"},"buildTarget":{"uri":"file:/C:/Users/Asus/Desktop/scalas/deneme/deneme/#root/Test"},"diagnostics":[{"range":{"start":{"line":18,"character":27},"end":{"line":18,"character":28}},"severity":1,"source":"sbt","message":"not found: type HomeController"}],"reset":false})[0m
[0m[[0m[31merror[0m] [0m[0mC:\Users\Asus\Desktop\scalas\deneme\deneme\test\controllers\HomeControllerSpec.scala:19:28: not found: type HomeController[0m
[0m[[0m[31merror[0m] [0m[0m      val controller = new HomeController(stubControllerComponents())[0m
[0m[[0m[31merror[0m] [0m[0m                           ^[0m
[0m[[0m[0mdebug[0m] [0m[0mjsonRpcNotify: JsonRpcNotificationMessage(2.0, build/logMessage, {"type":1,"message":"C:\\Users\\Asus\\Desktop\\scalas\\deneme\\deneme\\test\\controllers\\HomeControllerSpec.scala:19:28: not found: type HomeController"})[0m
[0m[[0m[0mdebug[0m] [0m[0mjsonRpcNotify: JsonRpcNotificationMessage(2.0, build/logMessage, {"type":1,"message":"      val controller = new HomeController(stubControllerComponents())"})[0m
[0m[[0m[0mdebug[0m] [0m[0mjsonRpcNotify: JsonRpcNotificationMessage(2.0, build/logMessage, {"type":1,"message":"                           ^"})[0m
[0m[[0m[0mdebug[0m] [0m[0mjsonRpcNotify: JsonRpcNotificationMessage(2.0, build/publishDiagnostics, {"textDocument":{"uri":"file:///C:/Users/Asus/Desktop/scalas/deneme/deneme/test/controllers/HomeControllerSpec.scala"},"buildTarget":{"uri":"file:/C:/Users/Asus/Desktop/scalas/deneme/deneme/#root/Test"},"diagnostics":[{"range":{"start":{"line":27,"character":30},"end":{"line":27,"character":31}},"severity":1,"source":"sbt","message":"not found: type HomeController"}],"reset":false})[0m
[0m[[0m[31merror[0m] [0m[0mC:\Users\Asus\Desktop\scalas\deneme\deneme\test\controllers\HomeControllerSpec.scala:28:31: not found: type HomeController[0m
[0m[[0m[31merror[0m] [0m[0m      val controller = inject[HomeController][0m
[0m[[0m[31merror[0m] [0m[0m                              ^[0m
[0m[[0m[0mdebug[0m] [0m[0mjsonRpcNotify: JsonRpcNotificationMessage(2.0, build/logMessage, {"type":1,"message":"C:\\Users\\Asus\\Desktop\\scalas\\deneme\\deneme\\test\\controllers\\HomeControllerSpec.scala:28:31: not found: type HomeController"})[0m
[0m[[0m[0mdebug[0m] [0m[0mjsonRpcNotify: JsonRpcNotificationMessage(2.0, build/logMessage, {"type":1,"message":"      val controller = inject[HomeController]"})[0m
[0m[[0m[0mdebug[0m] [0m[0mjsonRpcNotify: JsonRpcNotificationMessage(2.0, build/logMessage, {"type":1,"message":"                              ^"})[0m
[0m[[0m[31merror[0m] [0m[0mtwo errors found[0m
[0m[[0m[0mdebug[0m] [0m[0mjsonRpcNotify: JsonRpcNotificationMessage(2.0, build/logMessage, {"type":1,"message":"two errors found"})[0m
[0m[[0m[0mdebug[0m] [0m[0mjsonRpcNotify: JsonRpcNotificationMessage(2.0, build/publishDiagnostics, {"textDocument":{"uri":"file:///C:/Users/Asus/Desktop/scalas/deneme/deneme/test/controllers/HomeControllerSpec.scala"},"buildTarget":{"uri":"file:/C:/Users/Asus/Desktop/scalas/deneme/deneme/#root/Test"},"diagnostics":[{"range":{"start":{"line":18,"character":27},"end":{"line":18,"character":28}},"severity":1,"source":"sbt","message":"not found: type HomeController"},{"range":{"start":{"line":27,"character":30},"end":{"line":27,"character":31}},"severity":1,"source":"sbt","message":"not found: type HomeController"}],"reset":true})[0m
[0m[[0m[0mdebug[0m] [0m[0mjsonRpcNotify: JsonRpcNotificationMessage(2.0, build/taskFinish, {"taskId":{"id":"98","parents":[]},"eventTime":1634258199779,"message":"Compiled root-test","status":2,"dataKind":"compile-report","data":{"target":{"uri":"file:/C:/Users/Asus/Desktop/scalas/deneme/deneme/#root/Test"},"errors":2,"warnings":0,"time":243}})[0m
[0m[[0m[0mdebug[0m] [0m[0mExporting web-assets-test:deneme[0m
[0m[[0m[31merror[0m] [0m[0m(Test / [31mcompileIncremental[0m) Compilation failed[0m
[0m[[0m[0mdebug[0m] [0m[0mjsonRpcNotify: JsonRpcNotificationMessage(2.0, build/logMessage, {"type":1,"message":"(Test / \u001b[31mcompileIncremental\u001b[0m) Compilation failed"})[0m
[0m[[0m[31merror[0m] [0m[0mTotal time: 1 s, completed 15.Eki.2021 03:36:39[0m
[0m[[0m[0mdebug[0m] [0m[0munmatched Done event for requestId None: None[0m
[0m[[0m[0mdebug[0m] [0m[0m> Exec(shell, None, None)[0m
[0m[[0m[0mdebug[0m] [0m[0mUnhandled notification received: textDocument/didOpen: JsonRpcNotificationMessage(2.0, textDocument/didOpen, {"textDocument":{"uri":"file:///c%3A/Users/Asus/Desktop/scalas/deneme/deneme/app/repositories/MessagesRepository.scala","languageId":"scala","version":1,"text":"package repositories\r\n\r\nimport models.Messages\r\nimport javax.inject._\r\nimport reactivemongo.api.bson.collection.BSONCollection\r\nimport play.modules.reactivemongo.ReactiveMongoApi\r\nimport scala.concurrent.{ExecutionContext, Future}\r\nimport reactivemongo.api.{Cursor, ReadPreference}\r\nimport reactivemongo.bson.{BSONDocument, BSONObjectID}\r\nimport org.joda.time.DateTime\r\nimport reactivemongo.api.commands.WriteResult\r\n\r\n\r\n@Singleton\r\nclass MessagesRepository @Inject()(\r\n                                 implicit executionContext: ExecutionContext,\r\n                                 reactiveMongoApi: ReactiveMongoApi\r\n                               ) {\r\n  def collection: Future[BSONCollection] = reactiveMongoApi.database.map(db => db.collection(\"deneme\"))\r\n\r\n\r\n\r\n  def create(messages: Messages): Future[WriteResult] = {\r\n\r\n    collection.flatMap(_.insert(ordered = false)\r\n      .one(messages.copy()))\r\n  }\r\n\r\n    def findOne(id: BSONObjectID): Future[Option[Messages]] = {\r\n    collection.flatMap(_.find(BSONDocument(\"_id\" -> id), Option.empty[Messages]).one[Messages])\r\n  }\r\n\r\n    def delete(id: BSONObjectID):Future[WriteResult] = {\r\n    collection.flatMap(\r\n      _.delete().one(BSONDocument(\"_id\" -> id), Some(1))\r\n    )\r\n  }\r\n}\r\n\r\n"}})[0m
[0m[[0m[0mdebug[0m] [0m[0mForcing garbage collection...[0m
